Tue Sep 26 2017 04:49:02 GMT+1000 (AEST): GET /about
Tue Sep 26 2017 04:49:20 GMT+1000 (AEST): GET /about
Tue Sep 26 2017 04:50:12 GMT+1000 (AEST): GET /about
Tue Sep 26 2017 04:50:13 GMT+1000 (AEST): GET /about
Tue Sep 26 2017 04:57:31 GMT+1000 (AEST): GET /about
Tue Sep 26 2017 04:57:38 GMT+1000 (AEST): GET /
Tue Sep 26 2017 04:57:39 GMT+1000 (AEST): GET /about
Tue Sep 26 2017 04:58:14 GMT+1000 (AEST): GET /about
Tue Sep 26 2017 04:58:37 GMT+1000 (AEST): GET /about
Tue Sep 26 2017 04:58:38 GMT+1000 (AEST): GET /about
Tue Sep 26 2017 04:59:44 GMT+1000 (AEST): GET /about
Tue Sep 26 2017 05:05:37 GMT+1000 (AEST): GET /about
Wed Sep 27 2017 05:22:28 GMT+1000 (AEST): GET /about
Wed Sep 27 2017 05:22:34 GMT+1000 (AEST): GET /
Wed Sep 27 2017 05:22:55 GMT+1000 (AEST): GET /projects
Wed Sep 27 2017 05:23:24 GMT+1000 (AEST): GET /
Wed Sep 27 2017 05:26:31 GMT+1000 (AEST): GET /
Wed Sep 27 2017 05:26:35 GMT+1000 (AEST): GET /about
Wed Sep 27 2017 05:26:39 GMT+1000 (AEST): GET /
Wed Sep 27 2017 05:26:40 GMT+1000 (AEST): GET /projects
Wed Sep 27 2017 05:26:44 GMT+1000 (AEST): GET /
Wed Sep 27 2017 05:26:46 GMT+1000 (AEST): GET /projects
Wed Sep 27 2017 05:26:48 GMT+1000 (AEST): GET /about
Wed Sep 27 2017 05:26:50 GMT+1000 (AEST): GET /
Wed Sep 27 2017 05:26:52 GMT+1000 (AEST): GET /projects
